<?xml version="1.0" encoding="UTF-8" ?>
<testsuite tests="8" failures="0" name="com.test.automationpractice.Runner.TestRunner" time="0.222" errors="0" skipped="0">
  <properties>
[...]
</properties>
  <testcase classname="Scenario: to test the login with valid credentials" name="Given user open the browser" time="0.004"/>
  <testcase classname="Scenario: to test the login with valid credentials" name="When user clicks on Sign_In link" time="0"/>
  <testcase classname="Scenario: to test the login with valid credentials" name="When user enter username &quot;automationwithpankaj@gmail.com&quot;" time="0"/>
  <testcase classname="Scenario: to test the login with valid credentials" name="And user enter password as &quot;test@1234&quot;" time="0.001"/>
  <testcase classname="Scenario: to test the login with valid credentials" name="And user clicks on sign in" time="0"/>
  <testcase classname="Scenario: to test the login with valid credentials" name="Then user should be logged in successfully" time="0"/>
  <testcase classname="Scenario: to test the login with valid credentials" name="And user logout from the application" time="0"/>
  <testcase classname="Scenario: to test the login with valid credentials" name="Scenario: to test the login with valid credentials" time="0.217"/>
</testsuite>